<?xml version="1.0" encoding="UTF-8"?>
<testsuite name="gremlins.SampleTest" tests="1" skipped="0" failures="0" errors="0" timestamp="2024-06-25T06:23:22" hostname="fahims-air.student.wireless.sydney.edu.au" time="0.014">
  <properties/>
  <testcase name="simpleTest()" classname="gremlins.SampleTest" time="0.014"/>
  <system-out><![CDATA[]]></system-out>
  <system-err><![CDATA[]]></system-err>
</testsuite>
